<?xml version="1.0" encoding="UTF-8"?>
<!-- Generated by org.testng.reporters.JUnitReportReporter -->
<testsuite hostname="DESKTOP-4FFBNMC" failures="0" tests="1" name="testNG.Table" time="44.618" errors="0" timestamp="2024-07-18T23:42:11 IST" skipped="0">
  <testcase classname="testNG.Table" name="f" time="44.618"/>
  <system-out/>
</testsuite> <!-- testNG.Table -->
