<?xml version="1.0" encoding="UTF-8"?>
<!-- Generated by org.testng.reporters.JUnitReportReporter -->
<testsuite hostname="DESKTOP-4FFBNMC" failures="0" tests="1" name="selenium.Table" time="43.676" errors="0" timestamp="2024-07-10T08:12:56 IST" skipped="0">
  <testcase classname="selenium.Table" name="f" time="43.676"/>
  <system-out/>
</testsuite> <!-- selenium.Table -->
