<?xml version="1.0" encoding="UTF-8"?>
<!-- Generated by org.testng.reporters.JUnitReportReporter -->
<testsuite hostname="DESKTOP-4FFBNMC" failures="0" tests="1" name="testNG.ParametersRealEx" time="6.284" errors="0" timestamp="2024-07-18T23:22:08 IST" skipped="0">
  <testcase classname="testNG.ParametersRealEx" name="f" time="6.284"/>
  <system-out/>
</testsuite> <!-- testNG.ParametersRealEx -->
